<?xml version="1.0" encoding="UTF-8"?>
<!-- Generated by org.testng.reporters.JUnitReportReporter -->
<testsuite hostname="WL-JC8T9C3" failures="0" tests="1" name="com.annabathina.orm.tests.v2.GetCurrentLeaveListTest" time="8.824" errors="0" timestamp="2023-01-08T21:03:27 IST" skipped="0">
  <testcase classname="com.annabathina.orm.tests.v2.GetCurrentLeaveListTest" name="getCurrentLeaveListTest" time="8.824"/>
  <system-out/>
</testsuite> <!-- com.annabathina.orm.tests.v2.GetCurrentLeaveListTest -->
