<?xml version="1.0" encoding="UTF-8"?>
<!-- Generated by org.testng.reporters.JUnitReportReporter -->
<testsuite hostname="WL-JC8T9C3" failures="0" tests="1" name="com.test.AllAnnotationsTest" time="0.006" errors="0" timestamp="2022-12-23T20:43:37 IST" skipped="0">
  <testcase classname="com.test.AllAnnotationsTest" name="testFun" time="0.006"/>
  <system-out/>
</testsuite> <!-- com.test.AllAnnotationsTest -->
