<?xml version="1.0" encoding="UTF-8"?>
<!-- Generated by org.testng.reporters.JUnitReportReporter -->
<testsuite hostname="WL-JC8T9C3" failures="0" tests="5" name="com.test.TC02" time="0.011" errors="0" timestamp="2022-12-24T20:22:28 IST" skipped="0">
  <testcase classname="com.test.TC02" name="buy43InchSmartTv" time="0.001"/>
  <system-out/>
  <testcase classname="com.test.TC02" name="plaeOrderAndPerformPayment" time="0.001"/>
  <system-out/>
  <testcase classname="com.test.TC02" name="loginApplicationWithValidData" time="0.001"/>
  <system-out/>
  <testcase classname="com.test.TC02" name="buy32InchSmartTv" time="0.007"/>
  <system-out/>
  <testcase classname="com.test.TC02" name="laptop_i5_11th_generation" time="0.001"/>
  <system-out/>
</testsuite> <!-- com.test.TC02 -->
