<?xml version="1.0" encoding="UTF-8"?>
<!-- Generated by org.testng.reporters.JUnitReportReporter -->
<testsuite hostname="WL-JC8T9C3" failures="0" tests="11" name="reports.ReportsManager" time="2.036" errors="0" timestamp="2022-12-29T20:35:56 IST" skipped="0">
  <testcase classname="reports.ReportsManager" name="addAddress_api" time="0.002"/>
  <system-out/>
  <testcase classname="reports.ReportsManager" name="WebloginApplication" time="0.011"/>
  <system-out/>
  <testcase classname="reports.ReportsManager" name="apiLogOutApplication" time="0.001"/>
  <system-out/>
  <testcase classname="reports.ReportsManager" name="deleteAddress_api" time="0.002"/>
  <system-out/>
  <testcase classname="reports.ReportsManager" name="api_updateAddress" time="0.001"/>
  <system-out/>
  <testcase classname="reports.ReportsManager" name="apiorderToys" time="0.002"/>
  <system-out/>
  <testcase classname="reports.ReportsManager" name="buy43InchSmartTv" time="2.010"/>
  <system-out/>
  <testcase classname="reports.ReportsManager" name="apiorderAndroidPhone" time="0.002"/>
  <system-out/>
  <testcase classname="reports.ReportsManager" name="apiLoginApplication" time="0.001"/>
  <system-out/>
  <testcase classname="reports.ReportsManager" name="apiorderHomeApplications" time="0.001"/>
  <system-out/>
  <testcase classname="reports.ReportsManager" name="apiorderIphone" time="0.003"/>
  <system-out/>
</testsuite> <!-- reports.ReportsManager -->
