<?xml version="1.0" encoding="UTF-8"?>
<!-- Generated by org.testng.reporters.JUnitReportReporter -->
<testsuite hostname="WL-JC8T9C3" failures="0" tests="9" name="e2e.APIModuleTest" time="0.006" errors="0" timestamp="2022-12-26T21:09:47 IST" skipped="0">
  <testcase classname="e2e.APIModuleTest" name="apiorderIphone" time="0.001"/>
  <system-out/>
  <testcase classname="e2e.APIModuleTest" name="apiLogOutApplication" time="0.001"/>
  <system-out/>
  <testcase classname="e2e.APIModuleTest" name="api_updateAddress" time="0.000"/>
  <system-out/>
  <testcase classname="e2e.APIModuleTest" name="apiLoginApplication" time="0.000"/>
  <system-out/>
  <testcase classname="e2e.APIModuleTest" name="deleteAddress_api" time="0.001"/>
  <system-out/>
  <testcase classname="e2e.APIModuleTest" name="apiorderHomeApplications" time="0.001"/>
  <system-out/>
  <testcase classname="e2e.APIModuleTest" name="addAddress_api" time="0.001"/>
  <system-out/>
  <testcase classname="e2e.APIModuleTest" name="apiorderAndroidPhone" time="0.000"/>
  <system-out/>
  <testcase classname="e2e.APIModuleTest" name="apiorderToys" time="0.001"/>
  <system-out/>
</testsuite> <!-- e2e.APIModuleTest -->
