<?xml version="1.0" encoding="UTF-8"?>
<!-- Generated by org.testng.reporters.JUnitReportReporter -->
<testsuite hostname="WL-JC8T9C3" failures="0" tests="4" name="com.test.TestNgTestAnnotation2" time="0.015" errors="0" timestamp="2022-12-23T20:32:24 IST" skipped="0">
  <testcase classname="com.test.TestNgTestAnnotation2" name="loginTestTwo" time="0.010"/>
  <system-out/>
  <testcase classname="com.test.TestNgTestAnnotation2" name="loginTestThree" time="0.002"/>
  <system-out/>
  <testcase classname="com.test.TestNgTestAnnotation2" name="loginTestOne" time="0.001"/>
  <system-out/>
  <testcase classname="com.test.TestNgTestAnnotation2" name="loginTestFour" time="0.002"/>
  <system-out/>
</testsuite> <!-- com.test.TestNgTestAnnotation2 -->
