<?xml version="1.0" encoding="UTF-8"?>
<!-- Generated by org.testng.reporters.JUnitReportReporter -->
<testsuite hostname="WL-JC8T9C3" failures="0" tests="1" name="com.annabathina.orm.tests.VerifyUserDetailsInOrmAdminMenuUserManagement" time="10.072" errors="0" timestamp="2023-01-06T19:48:06 IST" skipped="0">
  <testcase classname="com.annabathina.orm.tests.VerifyUserDetailsInOrmAdminMenuUserManagement" name="testLoginOrm" time="10.072"/>
  <system-out/>
</testsuite> <!-- com.annabathina.orm.tests.VerifyUserDetailsInOrmAdminMenuUserManagement -->
