<?xml version="1.0" encoding="UTF-8"?>
<!-- Generated by org.testng.reporters.JUnitReportReporter -->
<testsuite hostname="WL-JC8T9C3" failures="0" tests="1" name="com.test.MethodWithTestAnnotationTest" time="0.012" errors="0" timestamp="2022-12-23T20:51:42 IST" skipped="0">
  <testcase classname="com.test.MethodWithTestAnnotationTest" name="f" time="0.012"/>
  <system-out/>
</testsuite> <!-- com.test.MethodWithTestAnnotationTest -->
