<?xml version="1.0" encoding="UTF-8"?>
<!-- Generated by org.testng.reporters.JUnitReportReporter -->
<testsuite hostname="WL-JC8T9C3" failures="0" tests="1" name="com.annabathina.orm.tests.OrmLeave" time="16.377" errors="0" timestamp="2023-01-08T15:34:59 IST" skipped="0">
  <testcase classname="com.annabathina.orm.tests.OrmLeave" name="testLoginOrm" time="16.377"/>
  <system-out/>
</testsuite> <!-- com.annabathina.orm.tests.OrmLeave -->
