<?xml version="1.0" encoding="UTF-8"?>
<!-- Generated by org.testng.reporters.JUnitReportReporter -->
<testsuite hostname="WL-JC8T9C3" failures="0" tests="3" name="e2e.LoginUserData" time="0.009" errors="0" timestamp="2022-12-27T20:10:05 IST" skipped="1">
  <testcase classname="e2e.LoginUserData" name="loginTestFromDifferentPack" time="0.007"/>
  <system-out/>
  <testcase classname="e2e.LoginUserData" name="loginTestFromDifferentPack" time="0.002"/>
  <system-out/>
  <testcase classname="e2e.LoginUserData" name="loginTest">
    <skipped/>
  </testcase> <!-- loginTest -->
  <system-out/>
</testsuite> <!-- e2e.LoginUserData -->
