<?xml version="1.0" encoding="UTF-8"?>
<!-- Generated by org.testng.reporters.JUnitReportReporter -->
<testsuite hostname="WL-JC8T9C3" failures="0" tests="1" name="com.annabathina.orm.tests.OrmLeave3" time="50.050" errors="0" timestamp="2023-01-08T15:51:54 IST" skipped="0">
  <testcase classname="com.annabathina.orm.tests.OrmLeave3" name="testLoginOrm" time="50.050"/>
  <system-out/>
</testsuite> <!-- com.annabathina.orm.tests.OrmLeave3 -->
