<?xml version="1.0" encoding="UTF-8"?>
<!-- Generated by org.testng.reporters.JUnitReportReporter -->
<testsuite hostname="WL-JC8T9C3" failures="0" tests="11" name="reports.ReportsManagerWithJson" time="2.022" errors="0" timestamp="2022-12-29T20:45:35 IST" skipped="0">
  <testcase classname="reports.ReportsManagerWithJson" name="buy43InchSmartTv" time="2.002"/>
  <system-out/>
  <testcase classname="reports.ReportsManagerWithJson" name="apiLogOutApplication" time="0.001"/>
  <system-out/>
  <testcase classname="reports.ReportsManagerWithJson" name="apiLoginApplication" time="0.001"/>
  <system-out/>
  <testcase classname="reports.ReportsManagerWithJson" name="deleteAddress_api" time="0.001"/>
  <system-out/>
  <testcase classname="reports.ReportsManagerWithJson" name="WebloginApplication" time="0.010"/>
  <system-out/>
  <testcase classname="reports.ReportsManagerWithJson" name="addAddress_api" time="0.000"/>
  <system-out/>
  <testcase classname="reports.ReportsManagerWithJson" name="apiorderHomeApplications" time="0.001"/>
  <system-out/>
  <testcase classname="reports.ReportsManagerWithJson" name="api_updateAddress" time="0.002"/>
  <system-out/>
  <testcase classname="reports.ReportsManagerWithJson" name="apiorderAndroidPhone" time="0.001"/>
  <system-out/>
  <testcase classname="reports.ReportsManagerWithJson" name="apiorderToys" time="0.002"/>
  <system-out/>
  <testcase classname="reports.ReportsManagerWithJson" name="apiorderIphone" time="0.001"/>
  <system-out/>
</testsuite> <!-- reports.ReportsManagerWithJson -->
