<?xml version="1.0" encoding="UTF-8"?>
<!-- Generated by org.testng.reporters.JUnitReportReporter -->
<testsuite hostname="WL-JC8T9C3" failures="0" tests="4" name="com.test.e2e.APIModuleTest2" time="0.010" errors="0" timestamp="2022-12-27T20:56:04 IST" skipped="0">
  <testcase classname="com.test.e2e.APIModuleTest2" name="LoginApplication" time="0.001"/>
  <system-out/>
  <testcase classname="com.test.e2e.APIModuleTest2" name="addAddress" time="0.001"/>
  <system-out/>
  <testcase classname="com.test.e2e.APIModuleTest2" name="LogOutApplication" time="0.007"/>
  <system-out/>
  <testcase classname="com.test.e2e.APIModuleTest2" name="orderIphone" time="0.001"/>
  <system-out/>
</testsuite> <!-- com.test.e2e.APIModuleTest2 -->
