<?xml version="1.0" encoding="UTF-8"?>
<!-- Generated by org.testng.reporters.JUnitReportReporter -->
<testsuite hostname="WL-JC8T9C3" failures="0" tests="10" name="e2e.WebBrowserModuleTest" time="0.013" errors="0" timestamp="2022-12-26T21:10:34 IST" skipped="0">
  <testcase classname="e2e.WebBrowserModuleTest" name="deleteAddress" time="0.001"/>
  <system-out/>
  <testcase classname="e2e.WebBrowserModuleTest" name="updateAddress" time="0.001"/>
  <system-out/>
  <testcase classname="e2e.WebBrowserModuleTest" name="orderToys" time="0.000"/>
  <system-out/>
  <testcase classname="e2e.WebBrowserModuleTest" name="orderIphone" time="0.001"/>
  <system-out/>
  <testcase classname="e2e.WebBrowserModuleTest" name="LoginApplication" time="0.000"/>
  <system-out/>
  <testcase classname="e2e.WebBrowserModuleTest" name="orderAndroidPhone" time="0.000"/>
  <system-out/>
  <testcase classname="e2e.WebBrowserModuleTest" name="payment" time="0.001"/>
  <system-out/>
  <testcase classname="e2e.WebBrowserModuleTest" name="orderHomeApplications" time="0.001"/>
  <system-out/>
  <testcase classname="e2e.WebBrowserModuleTest" name="addAddress" time="0.001"/>
  <system-out/>
  <testcase classname="e2e.WebBrowserModuleTest" name="LogOutApplication" time="0.007"/>
  <system-out/>
</testsuite> <!-- e2e.WebBrowserModuleTest -->
