<?xml version="1.0" encoding="UTF-8"?>
<!-- Generated by org.testng.reporters.JUnitReportReporter -->
<testsuite hostname="WL-JC8T9C3" failures="0" tests="4" name="com.test.LoginWithValidDataTest" time="0.009" errors="0" timestamp="2022-12-24T20:13:09 IST" skipped="0">
  <testcase classname="com.test.LoginWithValidDataTest" name="laptop_i5_11th_generation" time="0.001"/>
  <system-out/>
  <testcase classname="com.test.LoginWithValidDataTest" name="buy32InchSmartTv" time="0.006"/>
  <system-out/>
  <testcase classname="com.test.LoginWithValidDataTest" name="loginApplicationWithValidData" time="0.001"/>
  <system-out/>
  <testcase classname="com.test.LoginWithValidDataTest" name="buy43InchSmartTv" time="0.001"/>
  <system-out/>
</testsuite> <!-- com.test.LoginWithValidDataTest -->
