<?xml version="1.0" encoding="UTF-8"?>
<!-- Generated by org.testng.reporters.JUnitReportReporter -->
<testsuite hostname="WL-JC8T9C3" failures="0" tests="2" name="com.test.MethodWithTestAnnotationTest2" time="0.015" errors="0" timestamp="2022-12-23T21:01:19 IST" skipped="0">
  <testcase classname="com.test.MethodWithTestAnnotationTest2" name="loginWithInValidDetails" time="0.006"/>
  <system-out/>
  <testcase classname="com.test.MethodWithTestAnnotationTest2" name="f" time="0.009"/>
  <system-out/>
</testsuite> <!-- com.test.MethodWithTestAnnotationTest2 -->
