<?xml version="1.0" encoding="UTF-8"?>
<!-- Generated by org.testng.reporters.JUnitReportReporter -->
<testsuite hostname="WL-JC8T9C3" failures="0" tests="2" name="com.annabathina.orm.tests.v2.OrmLoginV2Test" time="21.677" errors="0" timestamp="2023-01-06T21:02:13 IST" skipped="0">
  <testcase classname="com.annabathina.orm.tests.v2.OrmLoginV2Test" name="ormApplicationLoginAndlogoutVerification" time="12.774"/>
  <system-out/>
  <testcase classname="com.annabathina.orm.tests.v2.OrmLoginV2Test" name="ormApplicationLoginAndlogoutVerificationV2" time="8.903"/>
  <system-out/>
</testsuite> <!-- com.annabathina.orm.tests.v2.OrmLoginV2Test -->
