<?xml version="1.0" encoding="UTF-8"?>
<!-- Generated by org.testng.reporters.JUnitReportReporter -->
<testsuite hostname="WL-JC8T9C3" failures="0" tests="9" name="e2e.MobileModuleTest" time="0.011" errors="0" timestamp="2022-12-26T21:10:34 IST" skipped="0">
  <testcase classname="e2e.MobileModuleTest" name="LogOutApplication" time="0.001"/>
  <system-out/>
  <testcase classname="e2e.MobileModuleTest" name="orderAndroidPhone" time="0.001"/>
  <system-out/>
  <testcase classname="e2e.MobileModuleTest" name="orderToys" time="0.001"/>
  <system-out/>
  <testcase classname="e2e.MobileModuleTest" name="addAddress" time="0.001"/>
  <system-out/>
  <testcase classname="e2e.MobileModuleTest" name="updateAddress" time="0.003"/>
  <system-out/>
  <testcase classname="e2e.MobileModuleTest" name="deleteAddress" time="0.001"/>
  <system-out/>
  <testcase classname="e2e.MobileModuleTest" name="orderHomeApplications" time="0.001"/>
  <system-out/>
  <testcase classname="e2e.MobileModuleTest" name="LoginApplication" time="0.001"/>
  <system-out/>
  <testcase classname="e2e.MobileModuleTest" name="orderIphone" time="0.001"/>
  <system-out/>
</testsuite> <!-- e2e.MobileModuleTest -->
