<?xml version="1.0" encoding="UTF-8"?>
<!-- Generated by org.testng.reporters.JUnitReportReporter -->
<testsuite hostname="WL-JC8T9C3" failures="0" tests="1" name="com.annabathina.orm.tests.v2.VerifyUserDetailsInOrmAdminMenuUserManagementV2" time="14.039" errors="0" timestamp="2023-01-07T21:15:59 IST" skipped="0">
  <testcase classname="com.annabathina.orm.tests.v2.VerifyUserDetailsInOrmAdminMenuUserManagementV2" name="verifyAdminUserDetailsInAdminMenu" time="14.039"/>
  <system-out/>
</testsuite> <!-- com.annabathina.orm.tests.v2.VerifyUserDetailsInOrmAdminMenuUserManagementV2 -->
