<?xml version="1.0" encoding="UTF-8"?>
<!-- Generated by org.testng.reporters.JUnitReportReporter -->
<testsuite hostname="WL-JC8T9C3" failures="0" tests="1" name="com.annabathina.orm.tests.OrmLeave2" time="44.775" errors="0" timestamp="2023-01-08T15:48:01 IST" skipped="0">
  <testcase classname="com.annabathina.orm.tests.OrmLeave2" name="testLoginOrm" time="44.775"/>
  <system-out/>
</testsuite> <!-- com.annabathina.orm.tests.OrmLeave2 -->
