<?xml version="1.0" encoding="UTF-8"?>
<!-- Generated by org.testng.reporters.JUnitReportReporter -->
<testsuite hostname="WL-JC8T9C3" failures="0" tests="2" name="com.test.TC4" time="0.010" errors="0" timestamp="2022-12-24T21:08:21 IST" skipped="0">
  <testcase classname="com.test.TC4" name="laptop_i5_11th_generation" time="0.001"/>
  <system-out/>
  <testcase classname="com.test.TC4" name="loginApplication" time="0.009"/>
  <system-out/>
</testsuite> <!-- com.test.TC4 -->
