<?xml version="1.0" encoding="UTF-8"?>
<!-- Generated by org.testng.reporters.JUnitReportReporter -->
<testsuite hostname="WL-JC8T9C3" failures="0" tests="2" name="com.annabathina.orm.tests.v2.AddNewJobTest" time="25.681" errors="0" timestamp="2023-01-08T17:43:29 IST" skipped="0">
  <testcase classname="com.annabathina.orm.tests.v2.AddNewJobTest" name="addNewJobInJobTitles" time="14.535"/>
  <system-out/>
  <testcase classname="com.annabathina.orm.tests.v2.AddNewJobTest" name="deleteJobInJobTitles" time="11.146"/>
  <system-out/>
</testsuite> <!-- com.annabathina.orm.tests.v2.AddNewJobTest -->
