<?xml version="1.0" encoding="UTF-8"?>
<!-- Generated by org.testng.reporters.JUnitReportReporter -->
<testsuite hostname="WL-JC8T9C3" failures="0" tests="1" name="com.annabathina.orm.tests.v2.SkillsTest" time="10.447" errors="0" timestamp="2023-01-08T18:32:22 IST" skipped="0">
  <testcase classname="com.annabathina.orm.tests.v2.SkillsTest" name="addNewJobInJobTitles" time="10.447"/>
  <system-out/>
</testsuite> <!-- com.annabathina.orm.tests.v2.SkillsTest -->
