<?xml version="1.0" encoding="UTF-8"?>
<!-- Generated by org.testng.reporters.JUnitReportReporter -->
<testsuite hostname="WL-JC8T9C3" failures="0" tests="5" name="com.test.TestNgTestAnnotation" time="0.015" errors="0" timestamp="2022-12-23T20:22:12 IST" skipped="0">
  <testcase classname="com.test.TestNgTestAnnotation" name="loginTesttwo" time="0.001"/>
  <system-out/>
  <testcase classname="com.test.TestNgTestAnnotation" name="loginTestTwo" time="0.001"/>
  <system-out/>
  <testcase classname="com.test.TestNgTestAnnotation" name="loginTestThree" time="0.002"/>
  <system-out/>
  <testcase classname="com.test.TestNgTestAnnotation" name="loginTestOne" time="0.002"/>
  <system-out/>
  <testcase classname="com.test.TestNgTestAnnotation" name="loginTestFour" time="0.009"/>
  <system-out/>
</testsuite> <!-- com.test.TestNgTestAnnotation -->
