<?xml version="1.0" encoding="UTF-8"?>
<!-- Generated by org.testng.reporters.JUnitReportReporter -->
<testsuite hostname="WL-JC8T9C3" failures="0" tests="9" name="com.test.e2e.APIModuleTest" time="0.008" errors="0" timestamp="2022-12-26T21:05:11 IST" skipped="0">
  <testcase classname="com.test.e2e.APIModuleTest" name="LoginApplication" time="0.001"/>
  <system-out/>
  <testcase classname="com.test.e2e.APIModuleTest" name="orderIphone" time="0.001"/>
  <system-out/>
  <testcase classname="com.test.e2e.APIModuleTest" name="orderHomeApplications" time="0.001"/>
  <system-out/>
  <testcase classname="com.test.e2e.APIModuleTest" name="orderToys" time="0.000"/>
  <system-out/>
  <testcase classname="com.test.e2e.APIModuleTest" name="updateAddress" time="0.001"/>
  <system-out/>
  <testcase classname="com.test.e2e.APIModuleTest" name="orderAndroidPhone" time="0.001"/>
  <system-out/>
  <testcase classname="com.test.e2e.APIModuleTest" name="deleteAddress" time="0.001"/>
  <system-out/>
  <testcase classname="com.test.e2e.APIModuleTest" name="LogOutApplication" time="0.001"/>
  <system-out/>
  <testcase classname="com.test.e2e.APIModuleTest" name="addAddress" time="0.001"/>
  <system-out/>
</testsuite> <!-- com.test.e2e.APIModuleTest -->
