<?xml version="1.0" encoding="UTF-8"?>
<!-- Generated by org.testng.reporters.JUnitReportReporter -->
<testsuite hostname="WL-JC8T9C3" failures="0" tests="6" name="e2e.LoginUserData2" time="0.009" errors="0" timestamp="2022-12-27T19:55:47 IST" skipped="0">
  <testcase classname="e2e.LoginUserData2" name="loginTest" time="0.001"/>
  <system-out/>
  <testcase classname="e2e.LoginUserData2" name="loginTest" time="0.001"/>
  <system-out/>
  <testcase classname="e2e.LoginUserData2" name="loginTest" time="0.001"/>
  <system-out/>
  <testcase classname="e2e.LoginUserData2" name="loginTest" time="0.000"/>
  <system-out/>
  <testcase classname="e2e.LoginUserData2" name="loginTest" time="0.005"/>
  <system-out/>
  <testcase classname="e2e.LoginUserData2" name="loginTest" time="0.001"/>
  <system-out/>
</testsuite> <!-- e2e.LoginUserData2 -->
